<?xml version="1.0" encoding="UTF-8"?>
<!-- Generated by org.testng.reporters.JUnitXMLReporter -->
<testsuite ignored="0" hostname="LAPTOP-V6M2FGND" failures="0" tests="9" name="Default test" time="17.816" errors="0" timestamp="2023-11-24T17:56:17 IST">
  <testcase classname="TestLayer.TaskOneTest" name="validateSearchCity" time="0.621"/>
  <testcase classname="TestLayer.TaskOneTest" name="validateSelectCountry" time="0.21"/>
  <testcase classname="TestLayer.TaskOneTest" name="validateSelectLocation" time="3.494"/>
  <testcase classname="TestLayer.TaskOneTest" name="validateFilterResult" time="0.889"/>
  <testcase classname="TestLayer.TaskOneTest" name="ValidateSelectRoom" time="2.178"/>
  <testcase classname="TestLayer.TaskOneTest" name="validateSelectSharing" time="0.959"/>
  <testcase classname="TestLayer.TaskOneTest" name="validateClickOnSearch" time="0.947"/>
  <testcase classname="TestLayer.TaskOneTest" name="validateClickOnResult" time="0.478"/>
  <testcase classname="TestLayer.TaskOneTest" name="validateGetTitle" time="0.017"/>
</testsuite> <!-- Default test -->
